<?xml version="1.0" encoding="UTF-8"?>
<testsuite name="myproject.WebserverInfraTest" tests="0" skipped="0" failures="0" errors="0" timestamp="1970-01-01T00:00:00" hostname="Pluto.local" time="0.0">
  <properties/>
  <system-out><![CDATA[]]></system-out>
  <system-err><![CDATA[Jan 31, 2025 2:44:19 PM com.pulumi.deployment.internal.DeploymentImpl$DefaultEngineLogger errorAsync
SEVERE: Running program [PID: 78850](/Users/james/.gradle/jdks/eclipse_adoptium-21-aarch64-os_x.2/jdk-21.0.6+7/Contents/Home/bin/java -Dorg.gradle.internal.worker.tmpdir=/Users/james/Code/demos/thinkanalytics/unit-testing/app/build/tmp/test/work @/Users/james/.gradle/.tmp/gradle-worker-classpath2770455795550594387txt -Xmx1G -Dfile.encoding=UTF-8 -Duser.country=US -Duser.language=en -Duser.variant -ea worker.org.gradle.process.internal.worker.GradleWorkerMain 'Gradle Test Executor 7') failed with an unhandled exception:
java.lang.NullPointerException
	at java.base/java.util.Objects.requireNonNull(Objects.java:233)
	at com.pulumi.core.Output.of(Output.java:136)
	at myproject.Program.lambda$stack$0(Program.java:69)
	at java.base/java.util.function.Function.lambda$andThen$1(Function.java:88)
	at com.pulumi.core.internal.OutputData.traverseFuture(OutputData.java:259)
	at com.pulumi.core.internal.OutputData.lambda$apply$6(OutputData.java:270)
	at java.base/java.util.concurrent.CompletableFuture$UniCompose.tryFire(CompletableFuture.java:1150)
	at java.base/java.util.concurrent.CompletableFuture.postComplete(CompletableFuture.java:510)
	at java.base/java.util.concurrent.CompletableFuture$AsyncSupply.run(CompletableFuture.java:1773)
	at java.base/java.util.concurrent.CompletableFuture$AsyncSupply.exec(CompletableFuture.java:1760)
	at java.base/java.util.concurrent.ForkJoinTask.doExec(ForkJoinTask.java:387)
	at java.base/java.util.concurrent.ForkJoinPool$WorkQueue.topLevelExec(ForkJoinPool.java:1312)
	at java.base/java.util.concurrent.ForkJoinPool.scan(ForkJoinPool.java:1843)
	at java.base/java.util.concurrent.ForkJoinPool.runWorker(ForkJoinPool.java:1808)
	at java.base/java.util.concurrent.ForkJoinWorkerThread.run(ForkJoinWorkerThread.java:188)

]]></system-err>
</testsuite>
